<?xml version="1.0" encoding="UTF-8"?>
<!-- Generated by org.testng.reporters.JUnitReportReporter -->
<testsuite hostname="SKT-Skillup200" failures="0" tests="1" name="com.skillup.dge.testPages.RegressionTesting" time="676.150" errors="0" timestamp="2025-06-11T23:17:27 IST" skipped="0">
  <testcase classname="com.skillup.dge.testPages.RegressionTesting" name="startTesting" time="676.150"/>
</testsuite> <!-- com.skillup.dge.testPages.RegressionTesting -->
