<?xml version="1.0" encoding="UTF-8"?>
<!-- Generated by org.testng.reporters.JUnitReportReporter -->
<testsuite hostname="SKT-Skillup200" failures="0" tests="1" name="com.skillup.dge.testPages.RegressionTesting" time="148.458" errors="0" timestamp="2025-05-13T16:04:17 IST" skipped="0">
  <testcase classname="com.skillup.dge.testPages.RegressionTesting" name="startTesting" time="148.458"/>
</testsuite> <!-- com.skillup.dge.testPages.RegressionTesting -->
